TN:
SF:script/DeployMoodNft.s.sol
FN:8,DeployMoodNft.run
FNDA:2,DeployMoodNft.run
DA:9,2
DA:11,2
DA:13,2
DA:15,2
FNF:1
FNH:1
LF:4
LH:4
BRF:0
BRH:0
end_of_record
TN:
SF:src/MoodNft.sol
FN:318,MoodNft.
FNDA:13,MoodNft.
DA:321,13
DA:324,13
FN:329,MoodNft.mintNft
FNDA:20,MoodNft.mintNft
DA:330,20
DA:333,20
DA:337,20
FN:337,MoodNft.getHistoricalPrice
FNDA:1,MoodNft.getHistoricalPrice
DA:339,1
DA:340,1
DA:341,1
FN:345,MoodNft.buildImage
FNDA:11,MoodNft.buildImage
DA:347,12
DA:351,12
DA:352,12
DA:355,12
DA:356,12
DA:357,12
DA:358,0
DA:359,0
DA:363,0
BRDA:363,0,0,-
DA:364,0
DA:365,0
DA:367,12
DA:371,12
DA:372,0
BRDA:372,1,0,-
DA:374,12
BRDA:374,2,0,-
DA:377,12
BRDA:377,3,0,5
BRDA:377,3,1,7
DA:379,5
DA:387,7
BRDA:387,4,0,-
DA:388,0
DA:391,7
DA:392,1
BRDA:392,5,0,1
DA:393,1
DA:394,7
DA:395,7
BRDA:395,6,0,7
DA:396,7
DA:406,7
DA:414,12
DA:416,0
BRDA:416,7,0,-
DA:417,0
DA:418,12
DA:422,12
DA:423,11
BRDA:423,8,0,4
DA:424,4
BRDA:424,9,0,4
DA:426,4
DA:428,0
BRDA:428,10,0,-
DA:429,4
DA:431,1
DA:435,3
BRDA:435,11,0,3
BRDA:429,11,1,3
DA:436,3
DA:448,1
DA:455,12
DA:456,0
BRDA:456,12,0,-
DA:457,0
DA:458,12
DA:467,12
DA:468,2
BRDA:468,13,0,2
BRDA:467,13,1,2
DA:470,2
DA:481,10
DA:483,12
DA:484,11
DA:485,11
BRDA:485,14,0,11
DA:495,12
BRDA:495,15,0,-
BRDA:495,15,1,-
DA:496,0
DA:498,0
DA:502,0
DA:503,0
BRDA:503,16,0,-
BRDA:501,16,1,-
DA:508,0
BRDA:508,17,0,-
DA:509,0
DA:512,0
DA:519,12
DA:520,12
BRDA:520,18,0,12
BRDA:519,18,1,-
DA:522,12
DA:523,5
BRDA:523,19,0,2
BRDA:522,19,1,10
DA:524,2
DA:529,10
BRDA:529,20,0,7
DA:530,7
DA:531,10
DA:536,0
DA:537,0
DA:538,0
DA:539,0
BRDA:539,21,0,-
BRDA:538,21,1,-
DA:540,0
DA:543,0
DA:544,0
BRDA:544,22,0,-
DA:545,0
DA:546,0
DA:555,12
DA:561,12
DA:568,12
DA:575,12
DA:576,1
BRDA:576,23,0,1
BRDA:575,23,1,4
DA:577,1
DA:583,11
BRDA:583,24,0,1
BRDA:582,24,1,4
DA:584,1
DA:585,0
BRDA:585,25,0,-
DA:586,0
DA:588,10
DA:589,6
BRDA:589,26,0,6
DA:590,6
BRDA:590,27,0,2
BRDA:589,27,1,4
DA:592,2
DA:594,2
DA:596,11
DA:598,12
FN:604,MoodNft.toString
FNDA:1,MoodNft.toString
DA:611,1
BRDA:611,28,0,-
DA:612,0
DA:615,1
DA:617,3
DA:618,3
DA:619,1
DA:620,4
DA:622,3
DA:623,3
DA:627,3
FN:628,MoodNft.randomOne
FNDA:0,MoodNft.randomOne
DA:629,12
DA:635,12
DA:651,12
FN:652,MoodNft.buildMetadata
FNDA:0,MoodNft.buildMetadata
DA:657,12
DA:658,12
DA:659,7
BRDA:659,29,0,7
DA:660,12
DA:676,12
DA:690,12
DA:700,12
FN:725,MoodNft._baseURI
FNDA:0,MoodNft._baseURI
DA:727,0
FN:728,MoodNft.tokenURI
FNDA:1,MoodNft.tokenURI
DA:731,1
BRDA:731,30,0,-
DA:732,0
DA:733,1
DA:734,1
DA:735,1
FN:735,MoodNft.getTokenCounter
FNDA:1,MoodNft.getTokenCounter
DA:737,1
FNF:10
FNH:7
LF:128
LH:95
BRF:42
BRH:23
end_of_record
