TN:
SF:script/DeployMoodNft.s.sol
FN:8,DeployMoodNft.run
FNDA:2,DeployMoodNft.run
DA:9,2
DA:11,2
DA:13,2
DA:15,2
FNF:1
FNH:1
LF:4
LH:4
BRF:0
BRH:0
end_of_record
TN:
SF:src/MoodNft.sol
FN:312,MoodNft.
FNDA:27,MoodNft.
DA:315,27
DA:317,27
FN:322,MoodNft.mintNft
FNDA:23,MoodNft.mintNft
DA:324,23
DA:326,23
DA:330,23
FN:330,MoodNft.getHistoricalPrice
FNDA:1,MoodNft.getHistoricalPrice
DA:333,1
DA:335,1
FN:337,MoodNft.buildImage
FNDA:10,MoodNft.buildImage
DA:339,12
DA:344,12
DA:345,12
DA:348,12
DA:349,0
DA:350,0
DA:354,0
BRDA:354,0,0,-
DA:355,0
DA:358,12
DA:361,12
DA:362,4
BRDA:362,1,0,-
DA:363,0
DA:364,12
DA:365,2
BRDA:365,2,0,-
DA:367,12
BRDA:367,3,0,5
BRDA:367,3,1,7
DA:368,5
DA:376,7
DA:378,3
BRDA:378,4,0,-
DA:381,7
DA:382,1
DA:383,1
BRDA:383,5,0,1
DA:385,7
BRDA:385,6,0,7
DA:386,7
DA:394,7
DA:401,12
DA:403,0
BRDA:403,7,0,-
DA:405,12
DA:409,12
DA:410,4
BRDA:410,8,0,4
DA:411,4
BRDA:411,9,0,4
DA:412,0
BRDA:412,10,0,-
DA:416,4
DA:421,3
BRDA:421,11,0,3
BRDA:416,11,1,3
DA:432,1
DA:439,12
DA:440,0
BRDA:440,12,0,-
DA:441,0
DA:449,12
DA:450,2
BRDA:450,13,0,2
BRDA:449,13,1,2
DA:451,2
DA:462,10
DA:463,12
DA:464,11
DA:465,11
BRDA:465,14,0,11
DA:476,12
BRDA:476,15,0,-
BRDA:476,15,1,-
DA:478,0
DA:480,0
DA:483,0
BRDA:483,16,0,-
BRDA:480,16,1,-
DA:487,0
DA:488,0
BRDA:488,17,0,-
DA:492,0
DA:498,12
DA:499,12
DA:500,12
BRDA:500,18,0,12
BRDA:498,18,1,-
DA:501,12
DA:502,12
DA:503,2
BRDA:503,19,0,2
BRDA:502,19,1,10
DA:504,2
DA:508,10
BRDA:508,20,0,7
DA:509,7
DA:510,10
DA:515,0
DA:516,0
DA:517,0
DA:518,0
BRDA:518,21,0,-
BRDA:517,21,1,-
DA:519,0
DA:523,0
BRDA:523,22,0,-
DA:524,0
DA:526,0
DA:534,12
DA:541,12
DA:548,12
DA:555,12
DA:556,1
BRDA:556,23,0,1
BRDA:554,23,1,4
DA:562,11
DA:563,1
BRDA:563,24,0,1
BRDA:562,24,1,4
DA:565,0
BRDA:565,25,0,-
DA:566,0
DA:568,10
DA:569,6
BRDA:569,26,0,6
DA:570,5
DA:571,2
BRDA:571,27,0,2
BRDA:569,27,1,4
DA:572,2
DA:573,2
DA:575,4
DA:576,11
DA:577,12
DA:578,12
FN:583,MoodNft.toString
FNDA:1,MoodNft.toString
DA:586,1
BRDA:586,28,0,-
DA:587,1
DA:588,4
DA:589,3
DA:590,1
DA:591,1
DA:594,4
DA:598,3
FN:599,MoodNft.randomOne
FNDA:10,MoodNft.randomOne
DA:605,22
DA:611,22
DA:624,22
FN:624,MoodNft.buildMetadata
FNDA:1,MoodNft.buildMetadata
DA:628,13
DA:630,13
DA:631,8
BRDA:631,29,0,8
DA:632,8
DA:633,13
DA:652,13
DA:666,13
DA:671,13
FN:698,MoodNft.tokenURI
FNDA:3,MoodNft.tokenURI
DA:702,3
DA:703,0
BRDA:703,30,0,-
DA:704,2
DA:705,2
DA:706,2
FN:706,MoodNft.getTokenCounter
FNDA:4,MoodNft.getTokenCounter
DA:708,4
FNF:9
FNH:9
LF:120
LH:94
BRF:42
BRH:23
end_of_record
